<?xml version="1.0" encoding="UTF-8"?>
<testsuite name="Testing utest" tests="2" skipped="0" failures="0" errors="0" timestamp="2021-07-07T02:31:06" hostname="DESKTOP-EGUJ488" time="89.728">
  <properties/>
  <testcase name="Singup fail by already exist email address" classname="Testing utest" time="25.035"/>
  <testcase name="Signup successfully" classname="Testing utest" time="64.676"/>
  <system-out><![CDATA[]]></system-out>
  <system-err><![CDATA[[Test worker] WARN net.thucydides.core.steps.BaseStepListener - stepStarted: net.thucydides.core.steps.ExecutedStepDescription@a533fd2
[Test worker] WARN net.thucydides.core.steps.BaseStepListener - stepStarted: net.thucydides.core.steps.ExecutedStepDescription@244d349d
[Test worker] WARN net.thucydides.core.steps.BaseStepListener - stepStarted: net.thucydides.core.steps.ExecutedStepDescription@696cd009
jul 06, 2021 9:31:07 PM org.openqa.selenium.remote.DesiredCapabilities chrome
INFORMACIÓN: Using `new ChromeOptions()` is preferred to `DesiredCapabilities.chrome()`
[Test worker] INFO net.serenitybdd.core.webdriver.driverproviders.ProvideNewDriver - Instantiating driver
[Test worker] INFO net.serenitybdd.core.webdriver.driverproviders.ProvideNewDriver - Driver capabilities: Capabilities {acceptInsecureCerts: false, browserName: chrome, chrome.switches: --start-maximized, goog:chromeOptions: {args: [--start-maximized], extensions: []}, loggingPrefs: org.openqa.selenium.logging..., platform: ANY, version: }
Starting ChromeDriver 91.0.4472.101 (af52a90bf87030dd1523486a1cd3ae25c5d76c9b-refs/branch-heads/4472@{#1462}) on port 7184
Only local connections are allowed.
Please see https://chromedriver.chromium.org/security-considerations for suggestions on keeping ChromeDriver safe.
ChromeDriver was started successfully.
jul 06, 2021 9:31:10 PM org.openqa.selenium.remote.ProtocolHandshake createSession
INFORMACIÓN: Detected dialect: W3C
[Test worker] WARN net.thucydides.core.steps.BaseStepListener - stepFinished: current outcome:Singup fail by already exist email address:Given brandon wants to singup into a utest.com [Brandon open up [Brandon opens the Utest page]]
[Test worker] WARN net.thucydides.core.steps.BaseStepListener - stepFinished: current outcome:Singup fail by already exist email address:Given brandon wants to singup into a utest.com [Brandon open up [Brandon opens the Utest page]]
[Test worker] WARN net.thucydides.core.steps.BaseStepListener - stepFinished: current outcome:Singup fail by already exist email address:Given brandon wants to singup into a utest.com [Brandon open up [Brandon opens the Utest page]]
[Test worker] WARN net.thucydides.core.steps.BaseStepListener - stepStarted: net.thucydides.core.steps.ExecutedStepDescription@2f32ff7d
[Test worker] WARN net.thucydides.core.steps.BaseStepListener - stepFinished: current outcome:Singup fail by already exist email address:Given brandon wants to singup into a utest.com [Brandon open up [Brandon opens the Utest page]], When brandon clicks on button Join today
[Test worker] WARN net.thucydides.core.steps.BaseStepListener - stepStarted: net.thucydides.core.steps.ExecutedStepDescription@5373a4da
[Test worker] WARN net.thucydides.core.steps.BaseStepListener - stepStarted: net.thucydides.core.steps.ExecutedStepDescription@6df180af
[Test worker] WARN net.thucydides.core.steps.BaseStepListener - stepStarted: net.thucydides.core.steps.ExecutedStepDescription@1fcca565
[Test worker] WARN net.thucydides.core.steps.BaseStepListener - stepFinished: current outcome:Singup fail by already exist email address:Given brandon wants to singup into a utest.com [Brandon open up [Brandon opens the Utest page]], When brandon clicks on button Join today, And brandon is writing his credentials on stepOne
| strFistName | strLastName | strEmail | strMonth | strDay | strYear | strCity | strZipCode | strCountry | strComputer | strVersion | strLanguagePc | strMobileDevice | strModel | strOS | strPassword | strLanguageUser |
| Nicolas | Caraballo | nikecarvaggio@gmail.com | December | 28 | 1995 | Buenos Aires | B1675 | Argentina | macos | 10.7.5 | spanish | Motorola | macro | 8 | TesTing-123++ | Spanish | [Brandon register failed [Brandon clicks on button that send to registration page]]
[Test worker] WARN net.thucydides.core.steps.BaseStepListener - stepStarted: net.thucydides.core.steps.ExecutedStepDescription@3941427d
[Test worker] WARN net.thucydides.core.steps.BaseStepListener - stepFinished: current outcome:Singup fail by already exist email address:Given brandon wants to singup into a utest.com [Brandon open up [Brandon opens the Utest page]], When brandon clicks on button Join today, And brandon is writing his credentials on stepOne
| strFistName | strLastName | strEmail | strMonth | strDay | strYear | strCity | strZipCode | strCountry | strComputer | strVersion | strLanguagePc | strMobileDevice | strModel | strOS | strPassword | strLanguageUser |
| Nicolas | Caraballo | nikecarvaggio@gmail.com | December | 28 | 1995 | Buenos Aires | B1675 | Argentina | macos | 10.7.5 | spanish | Motorola | macro | 8 | TesTing-123++ | Spanish | [Brandon register failed [Brandon clicks on button that send to registration page, Brandon enters 'Nicolas' into locate field to write fistname]]
[Test worker] WARN net.thucydides.core.steps.BaseStepListener - stepStarted: net.thucydides.core.steps.ExecutedStepDescription@1640f585
[Test worker] WARN net.thucydides.core.steps.BaseStepListener - stepFinished: current outcome:Singup fail by already exist email address:Given brandon wants to singup into a utest.com [Brandon open up [Brandon opens the Utest page]], When brandon clicks on button Join today, And brandon is writing his credentials on stepOne
| strFistName | strLastName | strEmail | strMonth | strDay | strYear | strCity | strZipCode | strCountry | strComputer | strVersion | strLanguagePc | strMobileDevice | strModel | strOS | strPassword | strLanguageUser |
| Nicolas | Caraballo | nikecarvaggio@gmail.com | December | 28 | 1995 | Buenos Aires | B1675 | Argentina | macos | 10.7.5 | spanish | Motorola | macro | 8 | TesTing-123++ | Spanish | [Brandon register failed [Brandon clicks on button that send to registration page, Brandon enters 'Nicolas' into locate field to write fistname, Brandon enters 'Caraballo' into locate field to write lastname]]
[Test worker] WARN net.thucydides.core.steps.BaseStepListener - stepStarted: net.thucydides.core.steps.ExecutedStepDescription@b8e897f
[Test worker] WARN net.thucydides.core.steps.BaseStepListener - stepFinished: current outcome:Singup fail by already exist email address:Given brandon wants to singup into a utest.com [Brandon open up [Brandon opens the Utest page]], When brandon clicks on button Join today, And brandon is writing his credentials on stepOne
| strFistName | strLastName | strEmail | strMonth | strDay | strYear | strCity | strZipCode | strCountry | strComputer | strVersion | strLanguagePc | strMobileDevice | strModel | strOS | strPassword | strLanguageUser |
| Nicolas | Caraballo | nikecarvaggio@gmail.com | December | 28 | 1995 | Buenos Aires | B1675 | Argentina | macos | 10.7.5 | spanish | Motorola | macro | 8 | TesTing-123++ | Spanish | [Brandon register failed [Brandon clicks on button that send to registration page, Brandon enters 'Nicolas' into locate field to write fistname, Brandon enters 'Caraballo' into locate field to write lastname, Brandon enters 'nikecarvaggio@gmail.com' into locate field to write email]]
[Test worker] WARN net.thucydides.core.steps.BaseStepListener - stepStarted: net.thucydides.core.steps.ExecutedStepDescription@68a83f81
[Test worker] WARN net.thucydides.core.steps.BaseStepListener - stepFinished: current outcome:Singup fail by already exist email address:Given brandon wants to singup into a utest.com [Brandon open up [Brandon opens the Utest page]], When brandon clicks on button Join today, And brandon is writing his credentials on stepOne
| strFistName | strLastName | strEmail | strMonth | strDay | strYear | strCity | strZipCode | strCountry | strComputer | strVersion | strLanguagePc | strMobileDevice | strModel | strOS | strPassword | strLanguageUser |
| Nicolas | Caraballo | nikecarvaggio@gmail.com | December | 28 | 1995 | Buenos Aires | B1675 | Argentina | macos | 10.7.5 | spanish | Motorola | macro | 8 | TesTing-123++ | Spanish | [Brandon register failed [Brandon clicks on button that send to registration page, Brandon enters 'Nicolas' into locate field to write fistname, Brandon enters 'Caraballo' into locate field to write lastname, Brandon enters 'nikecarvaggio@gmail.com' into locate field to write email, Brandon select December on locate field to write date]]
[Test worker] WARN net.thucydides.core.steps.BaseStepListener - stepStarted: net.thucydides.core.steps.ExecutedStepDescription@26e067a7
[Test worker] WARN net.thucydides.core.steps.BaseStepListener - stepFinished: current outcome:Singup fail by already exist email address:Given brandon wants to singup into a utest.com [Brandon open up [Brandon opens the Utest page]], When brandon clicks on button Join today, And brandon is writing his credentials on stepOne
| strFistName | strLastName | strEmail | strMonth | strDay | strYear | strCity | strZipCode | strCountry | strComputer | strVersion | strLanguagePc | strMobileDevice | strModel | strOS | strPassword | strLanguageUser |
| Nicolas | Caraballo | nikecarvaggio@gmail.com | December | 28 | 1995 | Buenos Aires | B1675 | Argentina | macos | 10.7.5 | spanish | Motorola | macro | 8 | TesTing-123++ | Spanish | [Brandon register failed [Brandon clicks on button that send to registration page, Brandon enters 'Nicolas' into locate field to write fistname, Brandon enters 'Caraballo' into locate field to write lastname, Brandon enters 'nikecarvaggio@gmail.com' into locate field to write email, Brandon select December on locate field to write date, Brandon select 28 on locate field to write date]]
[Test worker] WARN net.thucydides.core.steps.BaseStepListener - stepStarted: net.thucydides.core.steps.ExecutedStepDescription@42289b8c
[Test worker] WARN net.thucydides.core.steps.BaseStepListener - stepFinished: current outcome:Singup fail by already exist email address:Given brandon wants to singup into a utest.com [Brandon open up [Brandon opens the Utest page]], When brandon clicks on button Join today, And brandon is writing his credentials on stepOne
| strFistName | strLastName | strEmail | strMonth | strDay | strYear | strCity | strZipCode | strCountry | strComputer | strVersion | strLanguagePc | strMobileDevice | strModel | strOS | strPassword | strLanguageUser |
| Nicolas | Caraballo | nikecarvaggio@gmail.com | December | 28 | 1995 | Buenos Aires | B1675 | Argentina | macos | 10.7.5 | spanish | Motorola | macro | 8 | TesTing-123++ | Spanish | [Brandon register failed [Brandon clicks on button that send to registration page, Brandon enters 'Nicolas' into locate field to write fistname, Brandon enters 'Caraballo' into locate field to write lastname, Brandon enters 'nikecarvaggio@gmail.com' into locate field to write email, Brandon select December on locate field to write date, Brandon select 28 on locate field to write date, Brandon select 1995 on locate field to write date]]
[Test worker] WARN net.thucydides.core.steps.BaseStepListener - stepStarted: net.thucydides.core.steps.ExecutedStepDescription@5d3bf7e
[Test worker] WARN net.thucydides.core.steps.BaseStepListener - stepFinished: current outcome:Singup fail by already exist email address:Given brandon wants to singup into a utest.com [Brandon open up [Brandon opens the Utest page]], When brandon clicks on button Join today, And brandon is writing his credentials on stepOne
| strFistName | strLastName | strEmail | strMonth | strDay | strYear | strCity | strZipCode | strCountry | strComputer | strVersion | strLanguagePc | strMobileDevice | strModel | strOS | strPassword | strLanguageUser |
| Nicolas | Caraballo | nikecarvaggio@gmail.com | December | 28 | 1995 | Buenos Aires | B1675 | Argentina | macos | 10.7.5 | spanish | Motorola | macro | 8 | TesTing-123++ | Spanish | [Brandon register failed [Brandon clicks on button that send to registration page, Brandon enters 'Nicolas' into locate field to write fistname, Brandon enters 'Caraballo' into locate field to write lastname, Brandon enters 'nikecarvaggio@gmail.com' into locate field to write email, Brandon select December on locate field to write date, Brandon select 28 on locate field to write date, Brandon select 1995 on locate field to write date, Brandon enters 'Spanish' into locate field to write language]]
[Test worker] WARN net.thucydides.core.steps.BaseStepListener - stepStarted: net.thucydides.core.steps.ExecutedStepDescription@1b85a311
[Test worker] WARN net.thucydides.core.steps.BaseStepListener - stepFinished: current outcome:Singup fail by already exist email address:Given brandon wants to singup into a utest.com [Brandon open up [Brandon opens the Utest page]], When brandon clicks on button Join today, And brandon is writing his credentials on stepOne
| strFistName | strLastName | strEmail | strMonth | strDay | strYear | strCity | strZipCode | strCountry | strComputer | strVersion | strLanguagePc | strMobileDevice | strModel | strOS | strPassword | strLanguageUser |
| Nicolas | Caraballo | nikecarvaggio@gmail.com | December | 28 | 1995 | Buenos Aires | B1675 | Argentina | macos | 10.7.5 | spanish | Motorola | macro | 8 | TesTing-123++ | Spanish | [Brandon register failed [Brandon clicks on button that send to registration page, Brandon enters 'Nicolas' into locate field to write fistname, Brandon enters 'Caraballo' into locate field to write lastname, Brandon enters 'nikecarvaggio@gmail.com' into locate field to write email, Brandon select December on locate field to write date, Brandon select 28 on locate field to write date, Brandon select 1995 on locate field to write date, Brandon enters 'Spanish' into locate field to write language, Brandon types 'DOWN' in locate field to write language]]
[Test worker] WARN net.thucydides.core.steps.BaseStepListener - stepStarted: net.thucydides.core.steps.ExecutedStepDescription@12e4ff1
[Test worker] WARN net.thucydides.core.steps.BaseStepListener - stepFinished: current outcome:Singup fail by already exist email address:Given brandon wants to singup into a utest.com [Brandon open up [Brandon opens the Utest page]], When brandon clicks on button Join today, And brandon is writing his credentials on stepOne
| strFistName | strLastName | strEmail | strMonth | strDay | strYear | strCity | strZipCode | strCountry | strComputer | strVersion | strLanguagePc | strMobileDevice | strModel | strOS | strPassword | strLanguageUser |
| Nicolas | Caraballo | nikecarvaggio@gmail.com | December | 28 | 1995 | Buenos Aires | B1675 | Argentina | macos | 10.7.5 | spanish | Motorola | macro | 8 | TesTing-123++ | Spanish | [Brandon register failed [Brandon clicks on button that send to registration page, Brandon enters 'Nicolas' into locate field to write fistname, Brandon enters 'Caraballo' into locate field to write lastname, Brandon enters 'nikecarvaggio@gmail.com' into locate field to write email, Brandon select December on locate field to write date, Brandon select 28 on locate field to write date, Brandon select 1995 on locate field to write date, Brandon enters 'Spanish' into locate field to write language, Brandon types 'DOWN' in locate field to write language, Brandon types 'ENTER' in locate field to write language]]
[Test worker] WARN net.thucydides.core.steps.BaseStepListener - stepFinished: current outcome:Singup fail by already exist email address:Given brandon wants to singup into a utest.com [Brandon open up [Brandon opens the Utest page]], When brandon clicks on button Join today, And brandon is writing his credentials on stepOne
| strFistName | strLastName | strEmail | strMonth | strDay | strYear | strCity | strZipCode | strCountry | strComputer | strVersion | strLanguagePc | strMobileDevice | strModel | strOS | strPassword | strLanguageUser |
| Nicolas | Caraballo | nikecarvaggio@gmail.com | December | 28 | 1995 | Buenos Aires | B1675 | Argentina | macos | 10.7.5 | spanish | Motorola | macro | 8 | TesTing-123++ | Spanish | [Brandon register failed [Brandon clicks on button that send to registration page, Brandon enters 'Nicolas' into locate field to write fistname, Brandon enters 'Caraballo' into locate field to write lastname, Brandon enters 'nikecarvaggio@gmail.com' into locate field to write email, Brandon select December on locate field to write date, Brandon select 28 on locate field to write date, Brandon select 1995 on locate field to write date, Brandon enters 'Spanish' into locate field to write language, Brandon types 'DOWN' in locate field to write language, Brandon types 'ENTER' in locate field to write language]]
[Test worker] WARN net.thucydides.core.steps.BaseStepListener - stepFinished: current outcome:Singup fail by already exist email address:Given brandon wants to singup into a utest.com [Brandon open up [Brandon opens the Utest page]], When brandon clicks on button Join today, And brandon is writing his credentials on stepOne
| strFistName | strLastName | strEmail | strMonth | strDay | strYear | strCity | strZipCode | strCountry | strComputer | strVersion | strLanguagePc | strMobileDevice | strModel | strOS | strPassword | strLanguageUser |
| Nicolas | Caraballo | nikecarvaggio@gmail.com | December | 28 | 1995 | Buenos Aires | B1675 | Argentina | macos | 10.7.5 | spanish | Motorola | macro | 8 | TesTing-123++ | Spanish | [Brandon register failed [Brandon clicks on button that send to registration page, Brandon enters 'Nicolas' into locate field to write fistname, Brandon enters 'Caraballo' into locate field to write lastname, Brandon enters 'nikecarvaggio@gmail.com' into locate field to write email, Brandon select December on locate field to write date, Brandon select 28 on locate field to write date, Brandon select 1995 on locate field to write date, Brandon enters 'Spanish' into locate field to write language, Brandon types 'DOWN' in locate field to write language, Brandon types 'ENTER' in locate field to write language]]
[Test worker] WARN net.thucydides.core.steps.BaseStepListener - stepStarted: net.thucydides.core.steps.ExecutedStepDescription@7fc34633
[Test worker] WARN net.thucydides.core.steps.BaseStepListener - stepStarted: net.thucydides.core.steps.ExecutedStepDescription@6406d3c4
[Test worker] WARN net.thucydides.core.steps.BaseStepListener - stepFinished: current outcome:Singup fail by already exist email address:Given brandon wants to singup into a utest.com [Brandon open up [Brandon opens the Utest page]], When brandon clicks on button Join today, And brandon is writing his credentials on stepOne
| strFistName | strLastName | strEmail | strMonth | strDay | strYear | strCity | strZipCode | strCountry | strComputer | strVersion | strLanguagePc | strMobileDevice | strModel | strOS | strPassword | strLanguageUser |
| Nicolas | Caraballo | nikecarvaggio@gmail.com | December | 28 | 1995 | Buenos Aires | B1675 | Argentina | macos | 10.7.5 | spanish | Motorola | macro | 8 | TesTing-123++ | Spanish | [Brandon register failed [Brandon clicks on button that send to registration page, Brandon enters 'Nicolas' into locate field to write fistname, Brandon enters 'Caraballo' into locate field to write lastname, Brandon enters 'nikecarvaggio@gmail.com' into locate field to write email, Brandon select December on locate field to write date, Brandon select 28 on locate field to write date, Brandon select 1995 on locate field to write date, Brandon enters 'Spanish' into locate field to write language, Brandon types 'DOWN' in locate field to write language, Brandon types 'ENTER' in locate field to write language]], Then brandon wrote an exists email on utest.com
| strQuestion |
| Email already registered | [Then answer email already registered]
[Test worker] WARN net.thucydides.core.steps.BaseStepListener - stepFinished: current outcome:Singup fail by already exist email address:Given brandon wants to singup into a utest.com [Brandon open up [Brandon opens the Utest page]], When brandon clicks on button Join today, And brandon is writing his credentials on stepOne
| strFistName | strLastName | strEmail | strMonth | strDay | strYear | strCity | strZipCode | strCountry | strComputer | strVersion | strLanguagePc | strMobileDevice | strModel | strOS | strPassword | strLanguageUser |
| Nicolas | Caraballo | nikecarvaggio@gmail.com | December | 28 | 1995 | Buenos Aires | B1675 | Argentina | macos | 10.7.5 | spanish | Motorola | macro | 8 | TesTing-123++ | Spanish | [Brandon register failed [Brandon clicks on button that send to registration page, Brandon enters 'Nicolas' into locate field to write fistname, Brandon enters 'Caraballo' into locate field to write lastname, Brandon enters 'nikecarvaggio@gmail.com' into locate field to write email, Brandon select December on locate field to write date, Brandon select 28 on locate field to write date, Brandon select 1995 on locate field to write date, Brandon enters 'Spanish' into locate field to write language, Brandon types 'DOWN' in locate field to write language, Brandon types 'ENTER' in locate field to write language]], Then brandon wrote an exists email on utest.com
| strQuestion |
| Email already registered | [Then answer email already registered]
[Test worker] WARN net.thucydides.core.steps.BaseStepListener - testFinished: Singup fail by already exist email address:Given brandon wants to singup into a utest.com [Brandon open up [Brandon opens the Utest page]], When brandon clicks on button Join today, And brandon is writing his credentials on stepOne
| strFistName | strLastName | strEmail | strMonth | strDay | strYear | strCity | strZipCode | strCountry | strComputer | strVersion | strLanguagePc | strMobileDevice | strModel | strOS | strPassword | strLanguageUser |
| Nicolas | Caraballo | nikecarvaggio@gmail.com | December | 28 | 1995 | Buenos Aires | B1675 | Argentina | macos | 10.7.5 | spanish | Motorola | macro | 8 | TesTing-123++ | Spanish | [Brandon register failed [Brandon clicks on button that send to registration page, Brandon enters 'Nicolas' into locate field to write fistname, Brandon enters 'Caraballo' into locate field to write lastname, Brandon enters 'nikecarvaggio@gmail.com' into locate field to write email, Brandon select December on locate field to write date, Brandon select 28 on locate field to write date, Brandon select 1995 on locate field to write date, Brandon enters 'Spanish' into locate field to write language, Brandon types 'DOWN' in locate field to write language, Brandon types 'ENTER' in locate field to write language]], Then brandon wrote an exists email on utest.com
| strQuestion |
| Email already registered | [Then answer email already registered]
[Test worker] WARN net.thucydides.core.steps.BaseStepListener - TestOutcomes: [Singup fail by already exist email address:Given brandon wants to singup into a utest.com [Brandon open up [Brandon opens the Utest page]], When brandon clicks on button Join today, And brandon is writing his credentials on stepOne
| strFistName | strLastName | strEmail | strMonth | strDay | strYear | strCity | strZipCode | strCountry | strComputer | strVersion | strLanguagePc | strMobileDevice | strModel | strOS | strPassword | strLanguageUser |
| Nicolas | Caraballo | nikecarvaggio@gmail.com | December | 28 | 1995 | Buenos Aires | B1675 | Argentina | macos | 10.7.5 | spanish | Motorola | macro | 8 | TesTing-123++ | Spanish | [Brandon register failed [Brandon clicks on button that send to registration page, Brandon enters 'Nicolas' into locate field to write fistname, Brandon enters 'Caraballo' into locate field to write lastname, Brandon enters 'nikecarvaggio@gmail.com' into locate field to write email, Brandon select December on locate field to write date, Brandon select 28 on locate field to write date, Brandon select 1995 on locate field to write date, Brandon enters 'Spanish' into locate field to write language, Brandon types 'DOWN' in locate field to write language, Brandon types 'ENTER' in locate field to write language]], Then brandon wrote an exists email on utest.com
| strQuestion |
| Email already registered | [Then answer email already registered]]
[Test worker] WARN net.thucydides.core.steps.BaseStepListener - Final testOutcomes: [Singup fail by already exist email address:Given brandon wants to singup into a utest.com [Brandon open up [Brandon opens the Utest page]], When brandon clicks on button Join today, And brandon is writing his credentials on stepOne
| strFistName | strLastName | strEmail | strMonth | strDay | strYear | strCity | strZipCode | strCountry | strComputer | strVersion | strLanguagePc | strMobileDevice | strModel | strOS | strPassword | strLanguageUser |
| Nicolas | Caraballo | nikecarvaggio@gmail.com | December | 28 | 1995 | Buenos Aires | B1675 | Argentina | macos | 10.7.5 | spanish | Motorola | macro | 8 | TesTing-123++ | Spanish | [Brandon register failed [Brandon clicks on button that send to registration page, Brandon enters 'Nicolas' into locate field to write fistname, Brandon enters 'Caraballo' into locate field to write lastname, Brandon enters 'nikecarvaggio@gmail.com' into locate field to write email, Brandon select December on locate field to write date, Brandon select 28 on locate field to write date, Brandon select 1995 on locate field to write date, Brandon enters 'Spanish' into locate field to write language, Brandon types 'DOWN' in locate field to write language, Brandon types 'ENTER' in locate field to write language]], Then brandon wrote an exists email on utest.com
| strQuestion |
| Email already registered | [Then answer email already registered]]
[Test worker] INFO net.thucydides.core.steps.ConsoleLoggingListener - 
        __    _____ _____ ____ _____   ____   _    ____  ____  _____ ____  
  _     \ \  |_   _| ____/ ___|_   _| |  _ \ / \  / ___|/ ___|| ____|  _ \ 
 (_)_____| |   | | |  _| \___ \ | |   | |_) / _ \ \___ \\___ \|  _| | | | |
  _|_____| |   | | | |___ ___) || |   |  __/ ___ \ ___) |___) | |___| |_| |
 (_)     | |   |_| |_____|____/ |_|   |_| /_/   \_\____/|____/|_____|____/ 
        /_/                                                                

TEST PASSED: Singup fail by already exist email address
----------------------------------------------------------------------------
[Test worker] WARN net.thucydides.core.steps.BaseStepListener - stepStarted: net.thucydides.core.steps.ExecutedStepDescription@49ae04bc
[Test worker] WARN net.thucydides.core.steps.BaseStepListener - stepStarted: net.thucydides.core.steps.ExecutedStepDescription@29730078
[Test worker] WARN net.thucydides.core.steps.BaseStepListener - stepStarted: net.thucydides.core.steps.ExecutedStepDescription@295cd31b
jul 06, 2021 9:31:32 PM org.openqa.selenium.remote.DesiredCapabilities chrome
INFORMACIÓN: Using `new ChromeOptions()` is preferred to `DesiredCapabilities.chrome()`
[Test worker] INFO net.serenitybdd.core.webdriver.driverproviders.ProvideNewDriver - Instantiating driver
[Test worker] INFO net.serenitybdd.core.webdriver.driverproviders.ProvideNewDriver - Driver capabilities: Capabilities {acceptInsecureCerts: false, browserName: chrome, chrome.switches: --start-maximized, goog:chromeOptions: {args: [--start-maximized], extensions: []}, loggingPrefs: org.openqa.selenium.logging..., platform: ANY, version: }
Starting ChromeDriver 91.0.4472.101 (af52a90bf87030dd1523486a1cd3ae25c5d76c9b-refs/branch-heads/4472@{#1462}) on port 44175
Only local connections are allowed.
Please see https://chromedriver.chromium.org/security-considerations for suggestions on keeping ChromeDriver safe.
ChromeDriver was started successfully.
jul 06, 2021 9:31:34 PM org.openqa.selenium.remote.ProtocolHandshake createSession
INFORMACIÓN: Detected dialect: W3C
[Test worker] WARN net.thucydides.core.steps.BaseStepListener - stepFinished: current outcome:Signup successfully:Given brandon wants to singup into a utest.com [Brandon open up [Brandon opens the Utest page]]
[Test worker] WARN net.thucydides.core.steps.BaseStepListener - stepFinished: current outcome:Signup successfully:Given brandon wants to singup into a utest.com [Brandon open up [Brandon opens the Utest page]]
[Test worker] WARN net.thucydides.core.steps.BaseStepListener - stepFinished: current outcome:Signup successfully:Given brandon wants to singup into a utest.com [Brandon open up [Brandon opens the Utest page]]
[Test worker] WARN net.thucydides.core.steps.BaseStepListener - stepStarted: net.thucydides.core.steps.ExecutedStepDescription@71937046
[Test worker] WARN net.thucydides.core.steps.BaseStepListener - stepFinished: current outcome:Signup successfully:Given brandon wants to singup into a utest.com [Brandon open up [Brandon opens the Utest page]], When brandon clicks on button Join today
[Test worker] WARN net.thucydides.core.steps.BaseStepListener - stepStarted: net.thucydides.core.steps.ExecutedStepDescription@ee6b789
[Test worker] WARN net.thucydides.core.steps.BaseStepListener - stepStarted: net.thucydides.core.steps.ExecutedStepDescription@5d0c08b4
[Test worker] WARN net.thucydides.core.steps.BaseStepListener - stepStarted: net.thucydides.core.steps.ExecutedStepDescription@11b30e9a
[Test worker] WARN net.thucydides.core.steps.BaseStepListener - stepFinished: current outcome:Signup successfully:Given brandon wants to singup into a utest.com [Brandon open up [Brandon opens the Utest page]], When brandon clicks on button Join today, And brandon writes his credentials
| strFistName | strLastName | strEmail | strMonth | strDay | strYear | strCity | strZipCode | strCountry | strComputer | strVersion | strLanguagePc | strMobileDevice | strModel | strOS | strPassword | strLanguageUser |
| Nicolas | Caraballo | testing38@gmail.com | December | 28 | 1995 | Buenos Aires | B1675 | Argentina | macos | 10.7.5 | spanish | Motorola | macro | 8 | TesTing-123++ | Spanish | [Brandon register [Brandon clicks on button that send to registration page]]
[Test worker] WARN net.thucydides.core.steps.BaseStepListener - stepStarted: net.thucydides.core.steps.ExecutedStepDescription@56e376c2
[Test worker] WARN net.thucydides.core.steps.BaseStepListener - stepFinished: current outcome:Signup successfully:Given brandon wants to singup into a utest.com [Brandon open up [Brandon opens the Utest page]], When brandon clicks on button Join today, And brandon writes his credentials
| strFistName | strLastName | strEmail | strMonth | strDay | strYear | strCity | strZipCode | strCountry | strComputer | strVersion | strLanguagePc | strMobileDevice | strModel | strOS | strPassword | strLanguageUser |
| Nicolas | Caraballo | testing38@gmail.com | December | 28 | 1995 | Buenos Aires | B1675 | Argentina | macos | 10.7.5 | spanish | Motorola | macro | 8 | TesTing-123++ | Spanish | [Brandon register [Brandon clicks on button that send to registration page, Brandon enters 'Nicolas' into locate field to write fistname]]
[Test worker] WARN net.thucydides.core.steps.BaseStepListener - stepStarted: net.thucydides.core.steps.ExecutedStepDescription@5c9a272f
[Test worker] WARN net.thucydides.core.steps.BaseStepListener - stepFinished: current outcome:Signup successfully:Given brandon wants to singup into a utest.com [Brandon open up [Brandon opens the Utest page]], When brandon clicks on button Join today, And brandon writes his credentials
| strFistName | strLastName | strEmail | strMonth | strDay | strYear | strCity | strZipCode | strCountry | strComputer | strVersion | strLanguagePc | strMobileDevice | strModel | strOS | strPassword | strLanguageUser |
| Nicolas | Caraballo | testing38@gmail.com | December | 28 | 1995 | Buenos Aires | B1675 | Argentina | macos | 10.7.5 | spanish | Motorola | macro | 8 | TesTing-123++ | Spanish | [Brandon register [Brandon clicks on button that send to registration page, Brandon enters 'Nicolas' into locate field to write fistname, Brandon enters 'Caraballo' into locate field to write lastname]]
[Test worker] WARN net.thucydides.core.steps.BaseStepListener - stepStarted: net.thucydides.core.steps.ExecutedStepDescription@2ebe1cc1
[Test worker] WARN net.thucydides.core.steps.BaseStepListener - stepFinished: current outcome:Signup successfully:Given brandon wants to singup into a utest.com [Brandon open up [Brandon opens the Utest page]], When brandon clicks on button Join today, And brandon writes his credentials
| strFistName | strLastName | strEmail | strMonth | strDay | strYear | strCity | strZipCode | strCountry | strComputer | strVersion | strLanguagePc | strMobileDevice | strModel | strOS | strPassword | strLanguageUser |
| Nicolas | Caraballo | testing38@gmail.com | December | 28 | 1995 | Buenos Aires | B1675 | Argentina | macos | 10.7.5 | spanish | Motorola | macro | 8 | TesTing-123++ | Spanish | [Brandon register [Brandon clicks on button that send to registration page, Brandon enters 'Nicolas' into locate field to write fistname, Brandon enters 'Caraballo' into locate field to write lastname, Brandon enters 'testing38@gmail.com' into locate field to write email]]
[Test worker] WARN net.thucydides.core.steps.BaseStepListener - stepStarted: net.thucydides.core.steps.ExecutedStepDescription@45cea863
[Test worker] WARN net.thucydides.core.steps.BaseStepListener - stepFinished: current outcome:Signup successfully:Given brandon wants to singup into a utest.com [Brandon open up [Brandon opens the Utest page]], When brandon clicks on button Join today, And brandon writes his credentials
| strFistName | strLastName | strEmail | strMonth | strDay | strYear | strCity | strZipCode | strCountry | strComputer | strVersion | strLanguagePc | strMobileDevice | strModel | strOS | strPassword | strLanguageUser |
| Nicolas | Caraballo | testing38@gmail.com | December | 28 | 1995 | Buenos Aires | B1675 | Argentina | macos | 10.7.5 | spanish | Motorola | macro | 8 | TesTing-123++ | Spanish | [Brandon register [Brandon clicks on button that send to registration page, Brandon enters 'Nicolas' into locate field to write fistname, Brandon enters 'Caraballo' into locate field to write lastname, Brandon enters 'testing38@gmail.com' into locate field to write email, Brandon select December on locate field to write date]]
[Test worker] WARN net.thucydides.core.steps.BaseStepListener - stepStarted: net.thucydides.core.steps.ExecutedStepDescription@37a1b7cb
[Test worker] WARN net.thucydides.core.steps.BaseStepListener - stepFinished: current outcome:Signup successfully:Given brandon wants to singup into a utest.com [Brandon open up [Brandon opens the Utest page]], When brandon clicks on button Join today, And brandon writes his credentials
| strFistName | strLastName | strEmail | strMonth | strDay | strYear | strCity | strZipCode | strCountry | strComputer | strVersion | strLanguagePc | strMobileDevice | strModel | strOS | strPassword | strLanguageUser |
| Nicolas | Caraballo | testing38@gmail.com | December | 28 | 1995 | Buenos Aires | B1675 | Argentina | macos | 10.7.5 | spanish | Motorola | macro | 8 | TesTing-123++ | Spanish | [Brandon register [Brandon clicks on button that send to registration page, Brandon enters 'Nicolas' into locate field to write fistname, Brandon enters 'Caraballo' into locate field to write lastname, Brandon enters 'testing38@gmail.com' into locate field to write email, Brandon select December on locate field to write date, Brandon select 28 on locate field to write date]]
[Test worker] WARN net.thucydides.core.steps.BaseStepListener - stepStarted: net.thucydides.core.steps.ExecutedStepDescription@4277988
[Test worker] WARN net.thucydides.core.steps.BaseStepListener - stepFinished: current outcome:Signup successfully:Given brandon wants to singup into a utest.com [Brandon open up [Brandon opens the Utest page]], When brandon clicks on button Join today, And brandon writes his credentials
| strFistName | strLastName | strEmail | strMonth | strDay | strYear | strCity | strZipCode | strCountry | strComputer | strVersion | strLanguagePc | strMobileDevice | strModel | strOS | strPassword | strLanguageUser |
| Nicolas | Caraballo | testing38@gmail.com | December | 28 | 1995 | Buenos Aires | B1675 | Argentina | macos | 10.7.5 | spanish | Motorola | macro | 8 | TesTing-123++ | Spanish | [Brandon register [Brandon clicks on button that send to registration page, Brandon enters 'Nicolas' into locate field to write fistname, Brandon enters 'Caraballo' into locate field to write lastname, Brandon enters 'testing38@gmail.com' into locate field to write email, Brandon select December on locate field to write date, Brandon select 28 on locate field to write date, Brandon select 1995 on locate field to write date]]
[Test worker] WARN net.thucydides.core.steps.BaseStepListener - stepStarted: net.thucydides.core.steps.ExecutedStepDescription@77ccedb6
[Test worker] WARN net.thucydides.core.steps.BaseStepListener - stepFinished: current outcome:Signup successfully:Given brandon wants to singup into a utest.com [Brandon open up [Brandon opens the Utest page]], When brandon clicks on button Join today, And brandon writes his credentials
| strFistName | strLastName | strEmail | strMonth | strDay | strYear | strCity | strZipCode | strCountry | strComputer | strVersion | strLanguagePc | strMobileDevice | strModel | strOS | strPassword | strLanguageUser |
| Nicolas | Caraballo | testing38@gmail.com | December | 28 | 1995 | Buenos Aires | B1675 | Argentina | macos | 10.7.5 | spanish | Motorola | macro | 8 | TesTing-123++ | Spanish | [Brandon register [Brandon clicks on button that send to registration page, Brandon enters 'Nicolas' into locate field to write fistname, Brandon enters 'Caraballo' into locate field to write lastname, Brandon enters 'testing38@gmail.com' into locate field to write email, Brandon select December on locate field to write date, Brandon select 28 on locate field to write date, Brandon select 1995 on locate field to write date, Brandon enters 'Spanish' into locate field to write language]]
[Test worker] WARN net.thucydides.core.steps.BaseStepListener - stepStarted: net.thucydides.core.steps.ExecutedStepDescription@1d148c63
[Test worker] WARN net.thucydides.core.steps.BaseStepListener - stepFinished: current outcome:Signup successfully:Given brandon wants to singup into a utest.com [Brandon open up [Brandon opens the Utest page]], When brandon clicks on button Join today, And brandon writes his credentials
| strFistName | strLastName | strEmail | strMonth | strDay | strYear | strCity | strZipCode | strCountry | strComputer | strVersion | strLanguagePc | strMobileDevice | strModel | strOS | strPassword | strLanguageUser |
| Nicolas | Caraballo | testing38@gmail.com | December | 28 | 1995 | Buenos Aires | B1675 | Argentina | macos | 10.7.5 | spanish | Motorola | macro | 8 | TesTing-123++ | Spanish | [Brandon register [Brandon clicks on button that send to registration page, Brandon enters 'Nicolas' into locate field to write fistname, Brandon enters 'Caraballo' into locate field to write lastname, Brandon enters 'testing38@gmail.com' into locate field to write email, Brandon select December on locate field to write date, Brandon select 28 on locate field to write date, Brandon select 1995 on locate field to write date, Brandon enters 'Spanish' into locate field to write language, Brandon types 'DOWN' in locate field to write language]]
[Test worker] WARN net.thucydides.core.steps.BaseStepListener - stepStarted: net.thucydides.core.steps.ExecutedStepDescription@73e3610c
[Test worker] WARN net.thucydides.core.steps.BaseStepListener - stepFinished: current outcome:Signup successfully:Given brandon wants to singup into a utest.com [Brandon open up [Brandon opens the Utest page]], When brandon clicks on button Join today, And brandon writes his credentials
| strFistName | strLastName | strEmail | strMonth | strDay | strYear | strCity | strZipCode | strCountry | strComputer | strVersion | strLanguagePc | strMobileDevice | strModel | strOS | strPassword | strLanguageUser |
| Nicolas | Caraballo | testing38@gmail.com | December | 28 | 1995 | Buenos Aires | B1675 | Argentina | macos | 10.7.5 | spanish | Motorola | macro | 8 | TesTing-123++ | Spanish | [Brandon register [Brandon clicks on button that send to registration page, Brandon enters 'Nicolas' into locate field to write fistname, Brandon enters 'Caraballo' into locate field to write lastname, Brandon enters 'testing38@gmail.com' into locate field to write email, Brandon select December on locate field to write date, Brandon select 28 on locate field to write date, Brandon select 1995 on locate field to write date, Brandon enters 'Spanish' into locate field to write language, Brandon types 'DOWN' in locate field to write language, Brandon types 'ENTER' in locate field to write language]]
[Test worker] WARN net.thucydides.core.steps.BaseStepListener - stepStarted: net.thucydides.core.steps.ExecutedStepDescription@107253a3
[Test worker] WARN net.thucydides.core.steps.BaseStepListener - stepFinished: current outcome:Signup successfully:Given brandon wants to singup into a utest.com [Brandon open up [Brandon opens the Utest page]], When brandon clicks on button Join today, And brandon writes his credentials
| strFistName | strLastName | strEmail | strMonth | strDay | strYear | strCity | strZipCode | strCountry | strComputer | strVersion | strLanguagePc | strMobileDevice | strModel | strOS | strPassword | strLanguageUser |
| Nicolas | Caraballo | testing38@gmail.com | December | 28 | 1995 | Buenos Aires | B1675 | Argentina | macos | 10.7.5 | spanish | Motorola | macro | 8 | TesTing-123++ | Spanish | [Brandon register [Brandon clicks on button that send to registration page, Brandon enters 'Nicolas' into locate field to write fistname, Brandon enters 'Caraballo' into locate field to write lastname, Brandon enters 'testing38@gmail.com' into locate field to write email, Brandon select December on locate field to write date, Brandon select 28 on locate field to write date, Brandon select 1995 on locate field to write date, Brandon enters 'Spanish' into locate field to write language, Brandon types 'DOWN' in locate field to write language, Brandon types 'ENTER' in locate field to write language, Brandon clicks on locate button to next stepTwo Location]]
[Test worker] WARN net.thucydides.core.steps.BaseStepListener - stepStarted: net.thucydides.core.steps.ExecutedStepDescription@495f2bac
[Test worker] WARN net.thucydides.core.steps.BaseStepListener - stepFinished: current outcome:Signup successfully:Given brandon wants to singup into a utest.com [Brandon open up [Brandon opens the Utest page]], When brandon clicks on button Join today, And brandon writes his credentials
| strFistName | strLastName | strEmail | strMonth | strDay | strYear | strCity | strZipCode | strCountry | strComputer | strVersion | strLanguagePc | strMobileDevice | strModel | strOS | strPassword | strLanguageUser |
| Nicolas | Caraballo | testing38@gmail.com | December | 28 | 1995 | Buenos Aires | B1675 | Argentina | macos | 10.7.5 | spanish | Motorola | macro | 8 | TesTing-123++ | Spanish | [Brandon register [Brandon clicks on button that send to registration page, Brandon enters 'Nicolas' into locate field to write fistname, Brandon enters 'Caraballo' into locate field to write lastname, Brandon enters 'testing38@gmail.com' into locate field to write email, Brandon select December on locate field to write date, Brandon select 28 on locate field to write date, Brandon select 1995 on locate field to write date, Brandon enters 'Spanish' into locate field to write language, Brandon types 'DOWN' in locate field to write language, Brandon types 'ENTER' in locate field to write language, Brandon clicks on locate button to next stepTwo Location, Brandon enters 'Buenos Aires' into locate field to write city address]]
[Test worker] WARN net.thucydides.core.steps.BaseStepListener - stepStarted: net.thucydides.core.steps.ExecutedStepDescription@252db8b8
[Test worker] WARN net.thucydides.core.steps.BaseStepListener - stepFinished: current outcome:Signup successfully:Given brandon wants to singup into a utest.com [Brandon open up [Brandon opens the Utest page]], When brandon clicks on button Join today, And brandon writes his credentials
| strFistName | strLastName | strEmail | strMonth | strDay | strYear | strCity | strZipCode | strCountry | strComputer | strVersion | strLanguagePc | strMobileDevice | strModel | strOS | strPassword | strLanguageUser |
| Nicolas | Caraballo | testing38@gmail.com | December | 28 | 1995 | Buenos Aires | B1675 | Argentina | macos | 10.7.5 | spanish | Motorola | macro | 8 | TesTing-123++ | Spanish | [Brandon register [Brandon clicks on button that send to registration page, Brandon enters 'Nicolas' into locate field to write fistname, Brandon enters 'Caraballo' into locate field to write lastname, Brandon enters 'testing38@gmail.com' into locate field to write email, Brandon select December on locate field to write date, Brandon select 28 on locate field to write date, Brandon select 1995 on locate field to write date, Brandon enters 'Spanish' into locate field to write language, Brandon types 'DOWN' in locate field to write language, Brandon types 'ENTER' in locate field to write language, Brandon clicks on locate button to next stepTwo Location, Brandon enters 'Buenos Aires' into locate field to write city address, Brandon types 'DOWN' in locate field to write city address]]
[Test worker] WARN net.thucydides.core.steps.BaseStepListener - stepStarted: net.thucydides.core.steps.ExecutedStepDescription@a463d02
[Test worker] WARN net.thucydides.core.steps.BaseStepListener - stepFinished: current outcome:Signup successfully:Given brandon wants to singup into a utest.com [Brandon open up [Brandon opens the Utest page]], When brandon clicks on button Join today, And brandon writes his credentials
| strFistName | strLastName | strEmail | strMonth | strDay | strYear | strCity | strZipCode | strCountry | strComputer | strVersion | strLanguagePc | strMobileDevice | strModel | strOS | strPassword | strLanguageUser |
| Nicolas | Caraballo | testing38@gmail.com | December | 28 | 1995 | Buenos Aires | B1675 | Argentina | macos | 10.7.5 | spanish | Motorola | macro | 8 | TesTing-123++ | Spanish | [Brandon register [Brandon clicks on button that send to registration page, Brandon enters 'Nicolas' into locate field to write fistname, Brandon enters 'Caraballo' into locate field to write lastname, Brandon enters 'testing38@gmail.com' into locate field to write email, Brandon select December on locate field to write date, Brandon select 28 on locate field to write date, Brandon select 1995 on locate field to write date, Brandon enters 'Spanish' into locate field to write language, Brandon types 'DOWN' in locate field to write language, Brandon types 'ENTER' in locate field to write language, Brandon clicks on locate button to next stepTwo Location, Brandon enters 'Buenos Aires' into locate field to write city address, Brandon types 'DOWN' in locate field to write city address, Brandon types 'ENTER' in locate field to write city address]]
[Test worker] WARN net.thucydides.core.steps.BaseStepListener - stepStarted: net.thucydides.core.steps.ExecutedStepDescription@2357ea58
[Test worker] WARN net.thucydides.core.steps.BaseStepListener - stepFinished: current outcome:Signup successfully:Given brandon wants to singup into a utest.com [Brandon open up [Brandon opens the Utest page]], When brandon clicks on button Join today, And brandon writes his credentials
| strFistName | strLastName | strEmail | strMonth | strDay | strYear | strCity | strZipCode | strCountry | strComputer | strVersion | strLanguagePc | strMobileDevice | strModel | strOS | strPassword | strLanguageUser |
| Nicolas | Caraballo | testing38@gmail.com | December | 28 | 1995 | Buenos Aires | B1675 | Argentina | macos | 10.7.5 | spanish | Motorola | macro | 8 | TesTing-123++ | Spanish | [Brandon register [Brandon clicks on button that send to registration page, Brandon enters 'Nicolas' into locate field to write fistname, Brandon enters 'Caraballo' into locate field to write lastname, Brandon enters 'testing38@gmail.com' into locate field to write email, Brandon select December on locate field to write date, Brandon select 28 on locate field to write date, Brandon select 1995 on locate field to write date, Brandon enters 'Spanish' into locate field to write language, Brandon types 'DOWN' in locate field to write language, Brandon types 'ENTER' in locate field to write language, Brandon clicks on locate button to next stepTwo Location, Brandon enters 'Buenos Aires' into locate field to write city address, Brandon types 'DOWN' in locate field to write city address, Brandon types 'ENTER' in locate field to write city address, Brandon enters 'B1675' into locate field to write zipcode]]
[Test worker] WARN net.thucydides.core.steps.BaseStepListener - stepStarted: net.thucydides.core.steps.ExecutedStepDescription@560531d1
[Test worker] WARN net.thucydides.core.steps.BaseStepListener - stepFinished: current outcome:Signup successfully:Given brandon wants to singup into a utest.com [Brandon open up [Brandon opens the Utest page]], When brandon clicks on button Join today, And brandon writes his credentials
| strFistName | strLastName | strEmail | strMonth | strDay | strYear | strCity | strZipCode | strCountry | strComputer | strVersion | strLanguagePc | strMobileDevice | strModel | strOS | strPassword | strLanguageUser |
| Nicolas | Caraballo | testing38@gmail.com | December | 28 | 1995 | Buenos Aires | B1675 | Argentina | macos | 10.7.5 | spanish | Motorola | macro | 8 | TesTing-123++ | Spanish | [Brandon register [Brandon clicks on button that send to registration page, Brandon enters 'Nicolas' into locate field to write fistname, Brandon enters 'Caraballo' into locate field to write lastname, Brandon enters 'testing38@gmail.com' into locate field to write email, Brandon select December on locate field to write date, Brandon select 28 on locate field to write date, Brandon select 1995 on locate field to write date, Brandon enters 'Spanish' into locate field to write language, Brandon types 'DOWN' in locate field to write language, Brandon types 'ENTER' in locate field to write language, Brandon clicks on locate button to next stepTwo Location, Brandon enters 'Buenos Aires' into locate field to write city address, Brandon types 'DOWN' in locate field to write city address, Brandon types 'ENTER' in locate field to write city address, Brandon enters 'B1675' into locate field to write zipcode, Brandon clicks on locate field to write country]]
[Test worker] WARN net.thucydides.core.steps.BaseStepListener - stepStarted: net.thucydides.core.steps.ExecutedStepDescription@456d05cd
[Test worker] WARN net.thucydides.core.steps.BaseStepListener - stepFinished: current outcome:Signup successfully:Given brandon wants to singup into a utest.com [Brandon open up [Brandon opens the Utest page]], When brandon clicks on button Join today, And brandon writes his credentials
| strFistName | strLastName | strEmail | strMonth | strDay | strYear | strCity | strZipCode | strCountry | strComputer | strVersion | strLanguagePc | strMobileDevice | strModel | strOS | strPassword | strLanguageUser |
| Nicolas | Caraballo | testing38@gmail.com | December | 28 | 1995 | Buenos Aires | B1675 | Argentina | macos | 10.7.5 | spanish | Motorola | macro | 8 | TesTing-123++ | Spanish | [Brandon register [Brandon clicks on button that send to registration page, Brandon enters 'Nicolas' into locate field to write fistname, Brandon enters 'Caraballo' into locate field to write lastname, Brandon enters 'testing38@gmail.com' into locate field to write email, Brandon select December on locate field to write date, Brandon select 28 on locate field to write date, Brandon select 1995 on locate field to write date, Brandon enters 'Spanish' into locate field to write language, Brandon types 'DOWN' in locate field to write language, Brandon types 'ENTER' in locate field to write language, Brandon clicks on locate button to next stepTwo Location, Brandon enters 'Buenos Aires' into locate field to write city address, Brandon types 'DOWN' in locate field to write city address, Brandon types 'ENTER' in locate field to write city address, Brandon enters 'B1675' into locate field to write zipcode, Brandon clicks on locate field to write country, Brandon enters 'Argentina' into locate field to write country]]
[Test worker] WARN net.thucydides.core.steps.BaseStepListener - stepStarted: net.thucydides.core.steps.ExecutedStepDescription@478d664
[Test worker] WARN net.thucydides.core.steps.BaseStepListener - stepFinished: current outcome:Signup successfully:Given brandon wants to singup into a utest.com [Brandon open up [Brandon opens the Utest page]], When brandon clicks on button Join today, And brandon writes his credentials
| strFistName | strLastName | strEmail | strMonth | strDay | strYear | strCity | strZipCode | strCountry | strComputer | strVersion | strLanguagePc | strMobileDevice | strModel | strOS | strPassword | strLanguageUser |
| Nicolas | Caraballo | testing38@gmail.com | December | 28 | 1995 | Buenos Aires | B1675 | Argentina | macos | 10.7.5 | spanish | Motorola | macro | 8 | TesTing-123++ | Spanish | [Brandon register [Brandon clicks on button that send to registration page, Brandon enters 'Nicolas' into locate field to write fistname, Brandon enters 'Caraballo' into locate field to write lastname, Brandon enters 'testing38@gmail.com' into locate field to write email, Brandon select December on locate field to write date, Brandon select 28 on locate field to write date, Brandon select 1995 on locate field to write date, Brandon enters 'Spanish' into locate field to write language, Brandon types 'DOWN' in locate field to write language, Brandon types 'ENTER' in locate field to write language, Brandon clicks on locate button to next stepTwo Location, Brandon enters 'Buenos Aires' into locate field to write city address, Brandon types 'DOWN' in locate field to write city address, Brandon types 'ENTER' in locate field to write city address, Brandon enters 'B1675' into locate field to write zipcode, Brandon clicks on locate field to write country, Brandon enters 'Argentina' into locate field to write country, Brandon types 'DOWN' in locate field to write country]]
[Test worker] WARN net.thucydides.core.steps.BaseStepListener - stepStarted: net.thucydides.core.steps.ExecutedStepDescription@7707414a
[Test worker] WARN net.thucydides.core.steps.BaseStepListener - stepFinished: current outcome:Signup successfully:Given brandon wants to singup into a utest.com [Brandon open up [Brandon opens the Utest page]], When brandon clicks on button Join today, And brandon writes his credentials
| strFistName | strLastName | strEmail | strMonth | strDay | strYear | strCity | strZipCode | strCountry | strComputer | strVersion | strLanguagePc | strMobileDevice | strModel | strOS | strPassword | strLanguageUser |
| Nicolas | Caraballo | testing38@gmail.com | December | 28 | 1995 | Buenos Aires | B1675 | Argentina | macos | 10.7.5 | spanish | Motorola | macro | 8 | TesTing-123++ | Spanish | [Brandon register [Brandon clicks on button that send to registration page, Brandon enters 'Nicolas' into locate field to write fistname, Brandon enters 'Caraballo' into locate field to write lastname, Brandon enters 'testing38@gmail.com' into locate field to write email, Brandon select December on locate field to write date, Brandon select 28 on locate field to write date, Brandon select 1995 on locate field to write date, Brandon enters 'Spanish' into locate field to write language, Brandon types 'DOWN' in locate field to write language, Brandon types 'ENTER' in locate field to write language, Brandon clicks on locate button to next stepTwo Location, Brandon enters 'Buenos Aires' into locate field to write city address, Brandon types 'DOWN' in locate field to write city address, Brandon types 'ENTER' in locate field to write city address, Brandon enters 'B1675' into locate field to write zipcode, Brandon clicks on locate field to write country, Brandon enters 'Argentina' into locate field to write country, Brandon types 'DOWN' in locate field to write country, Brandon types 'ENTER' in locate field to write country]]
[Test worker] WARN net.thucydides.core.steps.BaseStepListener - stepStarted: net.thucydides.core.steps.ExecutedStepDescription@6125e796
[Test worker] WARN net.thucydides.core.steps.BaseStepListener - stepFinished: current outcome:Signup successfully:Given brandon wants to singup into a utest.com [Brandon open up [Brandon opens the Utest page]], When brandon clicks on button Join today, And brandon writes his credentials
| strFistName | strLastName | strEmail | strMonth | strDay | strYear | strCity | strZipCode | strCountry | strComputer | strVersion | strLanguagePc | strMobileDevice | strModel | strOS | strPassword | strLanguageUser |
| Nicolas | Caraballo | testing38@gmail.com | December | 28 | 1995 | Buenos Aires | B1675 | Argentina | macos | 10.7.5 | spanish | Motorola | macro | 8 | TesTing-123++ | Spanish | [Brandon register [Brandon clicks on button that send to registration page, Brandon enters 'Nicolas' into locate field to write fistname, Brandon enters 'Caraballo' into locate field to write lastname, Brandon enters 'testing38@gmail.com' into locate field to write email, Brandon select December on locate field to write date, Brandon select 28 on locate field to write date, Brandon select 1995 on locate field to write date, Brandon enters 'Spanish' into locate field to write language, Brandon types 'DOWN' in locate field to write language, Brandon types 'ENTER' in locate field to write language, Brandon clicks on locate button to next stepTwo Location, Brandon enters 'Buenos Aires' into locate field to write city address, Brandon types 'DOWN' in locate field to write city address, Brandon types 'ENTER' in locate field to write city address, Brandon enters 'B1675' into locate field to write zipcode, Brandon clicks on locate field to write country, Brandon enters 'Argentina' into locate field to write country, Brandon types 'DOWN' in locate field to write country, Brandon types 'ENTER' in locate field to write country, Brandon clicks on locate button to next stepTwo Devices]]
[Test worker] WARN net.thucydides.core.steps.BaseStepListener - stepStarted: net.thucydides.core.steps.ExecutedStepDescription@3e30654b
[Test worker] WARN net.thucydides.core.steps.BaseStepListener - stepFinished: current outcome:Signup successfully:Given brandon wants to singup into a utest.com [Brandon open up [Brandon opens the Utest page]], When brandon clicks on button Join today, And brandon writes his credentials
| strFistName | strLastName | strEmail | strMonth | strDay | strYear | strCity | strZipCode | strCountry | strComputer | strVersion | strLanguagePc | strMobileDevice | strModel | strOS | strPassword | strLanguageUser |
| Nicolas | Caraballo | testing38@gmail.com | December | 28 | 1995 | Buenos Aires | B1675 | Argentina | macos | 10.7.5 | spanish | Motorola | macro | 8 | TesTing-123++ | Spanish | [Brandon register [Brandon clicks on button that send to registration page, Brandon enters 'Nicolas' into locate field to write fistname, Brandon enters 'Caraballo' into locate field to write lastname, Brandon enters 'testing38@gmail.com' into locate field to write email, Brandon select December on locate field to write date, Brandon select 28 on locate field to write date, Brandon select 1995 on locate field to write date, Brandon enters 'Spanish' into locate field to write language, Brandon types 'DOWN' in locate field to write language, Brandon types 'ENTER' in locate field to write language, Brandon clicks on locate button to next stepTwo Location, Brandon enters 'Buenos Aires' into locate field to write city address, Brandon types 'DOWN' in locate field to write city address, Brandon types 'ENTER' in locate field to write city address, Brandon enters 'B1675' into locate field to write zipcode, Brandon clicks on locate field to write country, Brandon enters 'Argentina' into locate field to write country, Brandon types 'DOWN' in locate field to write country, Brandon types 'ENTER' in locate field to write country, Brandon clicks on locate button to next stepTwo Devices, Brandon clicks on locate field to write computer s.o]]
[Test worker] WARN net.thucydides.core.steps.BaseStepListener - stepStarted: net.thucydides.core.steps.ExecutedStepDescription@7c48bf93
[Test worker] WARN net.thucydides.core.steps.BaseStepListener - stepFinished: current outcome:Signup successfully:Given brandon wants to singup into a utest.com [Brandon open up [Brandon opens the Utest page]], When brandon clicks on button Join today, And brandon writes his credentials
| strFistName | strLastName | strEmail | strMonth | strDay | strYear | strCity | strZipCode | strCountry | strComputer | strVersion | strLanguagePc | strMobileDevice | strModel | strOS | strPassword | strLanguageUser |
| Nicolas | Caraballo | testing38@gmail.com | December | 28 | 1995 | Buenos Aires | B1675 | Argentina | macos | 10.7.5 | spanish | Motorola | macro | 8 | TesTing-123++ | Spanish | [Brandon register [Brandon clicks on button that send to registration page, Brandon enters 'Nicolas' into locate field to write fistname, Brandon enters 'Caraballo' into locate field to write lastname, Brandon enters 'testing38@gmail.com' into locate field to write email, Brandon select December on locate field to write date, Brandon select 28 on locate field to write date, Brandon select 1995 on locate field to write date, Brandon enters 'Spanish' into locate field to write language, Brandon types 'DOWN' in locate field to write language, Brandon types 'ENTER' in locate field to write language, Brandon clicks on locate button to next stepTwo Location, Brandon enters 'Buenos Aires' into locate field to write city address, Brandon types 'DOWN' in locate field to write city address, Brandon types 'ENTER' in locate field to write city address, Brandon enters 'B1675' into locate field to write zipcode, Brandon clicks on locate field to write country, Brandon enters 'Argentina' into locate field to write country, Brandon types 'DOWN' in locate field to write country, Brandon types 'ENTER' in locate field to write country, Brandon clicks on locate button to next stepTwo Devices, Brandon clicks on locate field to write computer s.o, Brandon enters 'macos' into locate field to write computer s.o]]
[Test worker] WARN net.thucydides.core.steps.BaseStepListener - stepStarted: net.thucydides.core.steps.ExecutedStepDescription@21a03e9c
[Test worker] WARN net.thucydides.core.steps.BaseStepListener - stepFinished: current outcome:Signup successfully:Given brandon wants to singup into a utest.com [Brandon open up [Brandon opens the Utest page]], When brandon clicks on button Join today, And brandon writes his credentials
| strFistName | strLastName | strEmail | strMonth | strDay | strYear | strCity | strZipCode | strCountry | strComputer | strVersion | strLanguagePc | strMobileDevice | strModel | strOS | strPassword | strLanguageUser |
| Nicolas | Caraballo | testing38@gmail.com | December | 28 | 1995 | Buenos Aires | B1675 | Argentina | macos | 10.7.5 | spanish | Motorola | macro | 8 | TesTing-123++ | Spanish | [Brandon register [Brandon clicks on button that send to registration page, Brandon enters 'Nicolas' into locate field to write fistname, Brandon enters 'Caraballo' into locate field to write lastname, Brandon enters 'testing38@gmail.com' into locate field to write email, Brandon select December on locate field to write date, Brandon select 28 on locate field to write date, Brandon select 1995 on locate field to write date, Brandon enters 'Spanish' into locate field to write language, Brandon types 'DOWN' in locate field to write language, Brandon types 'ENTER' in locate field to write language, Brandon clicks on locate button to next stepTwo Location, Brandon enters 'Buenos Aires' into locate field to write city address, Brandon types 'DOWN' in locate field to write city address, Brandon types 'ENTER' in locate field to write city address, Brandon enters 'B1675' into locate field to write zipcode, Brandon clicks on locate field to write country, Brandon enters 'Argentina' into locate field to write country, Brandon types 'DOWN' in locate field to write country, Brandon types 'ENTER' in locate field to write country, Brandon clicks on locate button to next stepTwo Devices, Brandon clicks on locate field to write computer s.o, Brandon enters 'macos' into locate field to write computer s.o, Brandon types 'DOWN' in locate field to write computer s.o]]
[Test worker] WARN net.thucydides.core.steps.BaseStepListener - stepStarted: net.thucydides.core.steps.ExecutedStepDescription@1835766f
[Test worker] WARN net.thucydides.core.steps.BaseStepListener - stepFinished: current outcome:Signup successfully:Given brandon wants to singup into a utest.com [Brandon open up [Brandon opens the Utest page]], When brandon clicks on button Join today, And brandon writes his credentials
| strFistName | strLastName | strEmail | strMonth | strDay | strYear | strCity | strZipCode | strCountry | strComputer | strVersion | strLanguagePc | strMobileDevice | strModel | strOS | strPassword | strLanguageUser |
| Nicolas | Caraballo | testing38@gmail.com | December | 28 | 1995 | Buenos Aires | B1675 | Argentina | macos | 10.7.5 | spanish | Motorola | macro | 8 | TesTing-123++ | Spanish | [Brandon register [Brandon clicks on button that send to registration page, Brandon enters 'Nicolas' into locate field to write fistname, Brandon enters 'Caraballo' into locate field to write lastname, Brandon enters 'testing38@gmail.com' into locate field to write email, Brandon select December on locate field to write date, Brandon select 28 on locate field to write date, Brandon select 1995 on locate field to write date, Brandon enters 'Spanish' into locate field to write language, Brandon types 'DOWN' in locate field to write language, Brandon types 'ENTER' in locate field to write language, Brandon clicks on locate button to next stepTwo Location, Brandon enters 'Buenos Aires' into locate field to write city address, Brandon types 'DOWN' in locate field to write city address, Brandon types 'ENTER' in locate field to write city address, Brandon enters 'B1675' into locate field to write zipcode, Brandon clicks on locate field to write country, Brandon enters 'Argentina' into locate field to write country, Brandon types 'DOWN' in locate field to write country, Brandon types 'ENTER' in locate field to write country, Brandon clicks on locate button to next stepTwo Devices, Brandon clicks on locate field to write computer s.o, Brandon enters 'macos' into locate field to write computer s.o, Brandon types 'DOWN' in locate field to write computer s.o, Brandon types 'ENTER' in locate field to write computer s.o]]
[Test worker] WARN net.thucydides.core.steps.BaseStepListener - stepStarted: net.thucydides.core.steps.ExecutedStepDescription@6a196ff5
[Test worker] WARN net.thucydides.core.steps.BaseStepListener - stepFinished: current outcome:Signup successfully:Given brandon wants to singup into a utest.com [Brandon open up [Brandon opens the Utest page]], When brandon clicks on button Join today, And brandon writes his credentials
| strFistName | strLastName | strEmail | strMonth | strDay | strYear | strCity | strZipCode | strCountry | strComputer | strVersion | strLanguagePc | strMobileDevice | strModel | strOS | strPassword | strLanguageUser |
| Nicolas | Caraballo | testing38@gmail.com | December | 28 | 1995 | Buenos Aires | B1675 | Argentina | macos | 10.7.5 | spanish | Motorola | macro | 8 | TesTing-123++ | Spanish | [Brandon register [Brandon clicks on button that send to registration page, Brandon enters 'Nicolas' into locate field to write fistname, Brandon enters 'Caraballo' into locate field to write lastname, Brandon enters 'testing38@gmail.com' into locate field to write email, Brandon select December on locate field to write date, Brandon select 28 on locate field to write date, Brandon select 1995 on locate field to write date, Brandon enters 'Spanish' into locate field to write language, Brandon types 'DOWN' in locate field to write language, Brandon types 'ENTER' in locate field to write language, Brandon clicks on locate button to next stepTwo Location, Brandon enters 'Buenos Aires' into locate field to write city address, Brandon types 'DOWN' in locate field to write city address, Brandon types 'ENTER' in locate field to write city address, Brandon enters 'B1675' into locate field to write zipcode, Brandon clicks on locate field to write country, Brandon enters 'Argentina' into locate field to write country, Brandon types 'DOWN' in locate field to write country, Brandon types 'ENTER' in locate field to write country, Brandon clicks on locate button to next stepTwo Devices, Brandon clicks on locate field to write computer s.o, Brandon enters 'macos' into locate field to write computer s.o, Brandon types 'DOWN' in locate field to write computer s.o, Brandon types 'ENTER' in locate field to write computer s.o, Brandon clicks on locate field to write computer s.o]]
[Test worker] WARN net.thucydides.core.steps.BaseStepListener - stepStarted: net.thucydides.core.steps.ExecutedStepDescription@1fff83f6
[Test worker] WARN net.thucydides.core.steps.BaseStepListener - stepFinished: current outcome:Signup successfully:Given brandon wants to singup into a utest.com [Brandon open up [Brandon opens the Utest page]], When brandon clicks on button Join today, And brandon writes his credentials
| strFistName | strLastName | strEmail | strMonth | strDay | strYear | strCity | strZipCode | strCountry | strComputer | strVersion | strLanguagePc | strMobileDevice | strModel | strOS | strPassword | strLanguageUser |
| Nicolas | Caraballo | testing38@gmail.com | December | 28 | 1995 | Buenos Aires | B1675 | Argentina | macos | 10.7.5 | spanish | Motorola | macro | 8 | TesTing-123++ | Spanish | [Brandon register [Brandon clicks on button that send to registration page, Brandon enters 'Nicolas' into locate field to write fistname, Brandon enters 'Caraballo' into locate field to write lastname, Brandon enters 'testing38@gmail.com' into locate field to write email, Brandon select December on locate field to write date, Brandon select 28 on locate field to write date, Brandon select 1995 on locate field to write date, Brandon enters 'Spanish' into locate field to write language, Brandon types 'DOWN' in locate field to write language, Brandon types 'ENTER' in locate field to write language, Brandon clicks on locate button to next stepTwo Location, Brandon enters 'Buenos Aires' into locate field to write city address, Brandon types 'DOWN' in locate field to write city address, Brandon types 'ENTER' in locate field to write city address, Brandon enters 'B1675' into locate field to write zipcode, Brandon clicks on locate field to write country, Brandon enters 'Argentina' into locate field to write country, Brandon types 'DOWN' in locate field to write country, Brandon types 'ENTER' in locate field to write country, Brandon clicks on locate button to next stepTwo Devices, Brandon clicks on locate field to write computer s.o, Brandon enters 'macos' into locate field to write computer s.o, Brandon types 'DOWN' in locate field to write computer s.o, Brandon types 'ENTER' in locate field to write computer s.o, Brandon clicks on locate field to write computer s.o, Brandon enters '10.7.5' into locate field to write version s.o]]
[Test worker] WARN net.thucydides.core.steps.BaseStepListener - stepStarted: net.thucydides.core.steps.ExecutedStepDescription@1177e766
[Test worker] WARN net.thucydides.core.steps.BaseStepListener - stepFinished: current outcome:Signup successfully:Given brandon wants to singup into a utest.com [Brandon open up [Brandon opens the Utest page]], When brandon clicks on button Join today, And brandon writes his credentials
| strFistName | strLastName | strEmail | strMonth | strDay | strYear | strCity | strZipCode | strCountry | strComputer | strVersion | strLanguagePc | strMobileDevice | strModel | strOS | strPassword | strLanguageUser |
| Nicolas | Caraballo | testing38@gmail.com | December | 28 | 1995 | Buenos Aires | B1675 | Argentina | macos | 10.7.5 | spanish | Motorola | macro | 8 | TesTing-123++ | Spanish | [Brandon register [Brandon clicks on button that send to registration page, Brandon enters 'Nicolas' into locate field to write fistname, Brandon enters 'Caraballo' into locate field to write lastname, Brandon enters 'testing38@gmail.com' into locate field to write email, Brandon select December on locate field to write date, Brandon select 28 on locate field to write date, Brandon select 1995 on locate field to write date, Brandon enters 'Spanish' into locate field to write language, Brandon types 'DOWN' in locate field to write language, Brandon types 'ENTER' in locate field to write language, Brandon clicks on locate button to next stepTwo Location, Brandon enters 'Buenos Aires' into locate field to write city address, Brandon types 'DOWN' in locate field to write city address, Brandon types 'ENTER' in locate field to write city address, Brandon enters 'B1675' into locate field to write zipcode, Brandon clicks on locate field to write country, Brandon enters 'Argentina' into locate field to write country, Brandon types 'DOWN' in locate field to write country, Brandon types 'ENTER' in locate field to write country, Brandon clicks on locate button to next stepTwo Devices, Brandon clicks on locate field to write computer s.o, Brandon enters 'macos' into locate field to write computer s.o, Brandon types 'DOWN' in locate field to write computer s.o, Brandon types 'ENTER' in locate field to write computer s.o, Brandon clicks on locate field to write computer s.o, Brandon enters '10.7.5' into locate field to write version s.o, Brandon types 'DOWN' in locate field to write version s.o]]
[Test worker] WARN net.thucydides.core.steps.BaseStepListener - stepStarted: net.thucydides.core.steps.ExecutedStepDescription@1ca7033e
[Test worker] WARN net.thucydides.core.steps.BaseStepListener - stepFinished: current outcome:Signup successfully:Given brandon wants to singup into a utest.com [Brandon open up [Brandon opens the Utest page]], When brandon clicks on button Join today, And brandon writes his credentials
| strFistName | strLastName | strEmail | strMonth | strDay | strYear | strCity | strZipCode | strCountry | strComputer | strVersion | strLanguagePc | strMobileDevice | strModel | strOS | strPassword | strLanguageUser |
| Nicolas | Caraballo | testing38@gmail.com | December | 28 | 1995 | Buenos Aires | B1675 | Argentina | macos | 10.7.5 | spanish | Motorola | macro | 8 | TesTing-123++ | Spanish | [Brandon register [Brandon clicks on button that send to registration page, Brandon enters 'Nicolas' into locate field to write fistname, Brandon enters 'Caraballo' into locate field to write lastname, Brandon enters 'testing38@gmail.com' into locate field to write email, Brandon select December on locate field to write date, Brandon select 28 on locate field to write date, Brandon select 1995 on locate field to write date, Brandon enters 'Spanish' into locate field to write language, Brandon types 'DOWN' in locate field to write language, Brandon types 'ENTER' in locate field to write language, Brandon clicks on locate button to next stepTwo Location, Brandon enters 'Buenos Aires' into locate field to write city address, Brandon types 'DOWN' in locate field to write city address, Brandon types 'ENTER' in locate field to write city address, Brandon enters 'B1675' into locate field to write zipcode, Brandon clicks on locate field to write country, Brandon enters 'Argentina' into locate field to write country, Brandon types 'DOWN' in locate field to write country, Brandon types 'ENTER' in locate field to write country, Brandon clicks on locate button to next stepTwo Devices, Brandon clicks on locate field to write computer s.o, Brandon enters 'macos' into locate field to write computer s.o, Brandon types 'DOWN' in locate field to write computer s.o, Brandon types 'ENTER' in locate field to write computer s.o, Brandon clicks on locate field to write computer s.o, Brandon enters '10.7.5' into locate field to write version s.o, Brandon types 'DOWN' in locate field to write version s.o, Brandon types 'ENTER' in locate field to write version s.o]]
[Test worker] WARN net.thucydides.core.steps.BaseStepListener - stepStarted: net.thucydides.core.steps.ExecutedStepDescription@1c15730c
[Test worker] WARN net.thucydides.core.steps.BaseStepListener - stepFinished: current outcome:Signup successfully:Given brandon wants to singup into a utest.com [Brandon open up [Brandon opens the Utest page]], When brandon clicks on button Join today, And brandon writes his credentials
| strFistName | strLastName | strEmail | strMonth | strDay | strYear | strCity | strZipCode | strCountry | strComputer | strVersion | strLanguagePc | strMobileDevice | strModel | strOS | strPassword | strLanguageUser |
| Nicolas | Caraballo | testing38@gmail.com | December | 28 | 1995 | Buenos Aires | B1675 | Argentina | macos | 10.7.5 | spanish | Motorola | macro | 8 | TesTing-123++ | Spanish | [Brandon register [Brandon clicks on button that send to registration page, Brandon enters 'Nicolas' into locate field to write fistname, Brandon enters 'Caraballo' into locate field to write lastname, Brandon enters 'testing38@gmail.com' into locate field to write email, Brandon select December on locate field to write date, Brandon select 28 on locate field to write date, Brandon select 1995 on locate field to write date, Brandon enters 'Spanish' into locate field to write language, Brandon types 'DOWN' in locate field to write language, Brandon types 'ENTER' in locate field to write language, Brandon clicks on locate button to next stepTwo Location, Brandon enters 'Buenos Aires' into locate field to write city address, Brandon types 'DOWN' in locate field to write city address, Brandon types 'ENTER' in locate field to write city address, Brandon enters 'B1675' into locate field to write zipcode, Brandon clicks on locate field to write country, Brandon enters 'Argentina' into locate field to write country, Brandon types 'DOWN' in locate field to write country, Brandon types 'ENTER' in locate field to write country, Brandon clicks on locate button to next stepTwo Devices, Brandon clicks on locate field to write computer s.o, Brandon enters 'macos' into locate field to write computer s.o, Brandon types 'DOWN' in locate field to write computer s.o, Brandon types 'ENTER' in locate field to write computer s.o, Brandon clicks on locate field to write computer s.o, Brandon enters '10.7.5' into locate field to write version s.o, Brandon types 'DOWN' in locate field to write version s.o, Brandon types 'ENTER' in locate field to write version s.o, Brandon clicks on locate field to write language PC]]
[Test worker] WARN net.thucydides.core.steps.BaseStepListener - stepStarted: net.thucydides.core.steps.ExecutedStepDescription@30a43688
[Test worker] WARN net.thucydides.core.steps.BaseStepListener - stepFinished: current outcome:Signup successfully:Given brandon wants to singup into a utest.com [Brandon open up [Brandon opens the Utest page]], When brandon clicks on button Join today, And brandon writes his credentials
| strFistName | strLastName | strEmail | strMonth | strDay | strYear | strCity | strZipCode | strCountry | strComputer | strVersion | strLanguagePc | strMobileDevice | strModel | strOS | strPassword | strLanguageUser |
[...]
| strQuestion |
| Welcome to the world's largest community of freelance software testers! | [Then answer successfully sign up]
[Test worker] WARN net.thucydides.core.steps.BaseStepListener - stepFinished: current outcome:Signup successfully:Given brandon wants to singup into a utest.com [Brandon open up [Brandon opens the Utest page]], When brandon clicks on button Join today, And brandon writes his credentials
| strFistName | strLastName | strEmail | strMonth | strDay | strYear | strCity | strZipCode | strCountry | strComputer | strVersion | strLanguagePc | strMobileDevice | strModel | strOS | strPassword | strLanguageUser |
| Nicolas | Caraballo | testing38@gmail.com | December | 28 | 1995 | Buenos Aires | B1675 | Argentina | macos | 10.7.5 | spanish | Motorola | macro | 8 | TesTing-123++ | Spanish | [Brandon register [Brandon clicks on button that send to registration page, Brandon enters 'Nicolas' into locate field to write fistname, Brandon enters 'Caraballo' into locate field to write lastname, Brandon enters 'testing38@gmail.com' into locate field to write email, Brandon select December on locate field to write date, Brandon select 28 on locate field to write date, Brandon select 1995 on locate field to write date, Brandon enters 'Spanish' into locate field to write language, Brandon types 'DOWN' in locate field to write language, Brandon types 'ENTER' in locate field to write language, Brandon clicks on locate button to next stepTwo Location, Brandon enters 'Buenos Aires' into locate field to write city address, Brandon types 'DOWN' in locate field to write city address, Brandon types 'ENTER' in locate field to write city address, Brandon enters 'B1675' into locate field to write zipcode, Brandon clicks on locate field to write country, Brandon enters 'Argentina' into locate field to write country, Brandon types 'DOWN' in locate field to write country, Brandon types 'ENTER' in locate field to write country, Brandon clicks on locate button to next stepTwo Devices, Brandon clicks on locate field to write computer s.o, Brandon enters 'macos' into locate field to write computer s.o, Brandon types 'DOWN' in locate field to write computer s.o, Brandon types 'ENTER' in locate field to write computer s.o, Brandon clicks on locate field to write computer s.o, Brandon enters '10.7.5' into locate field to write version s.o, Brandon types 'DOWN' in locate field to write version s.o, Brandon types 'ENTER' in locate field to write version s.o, Brandon clicks on locate field to write language PC, Brandon enters 'spanish' into locate field to write Language PC, Brandon types 'DOWN' in locate field to write Language PC, Brandon types 'ENTER' in locate field to write Language PC, Brandon clicks on locate field to write mobile device, Brandon enters 'Motorola' into locate field to write mobile device, Brandon types 'DOWN' in locate field to write mobile device, Brandon types 'ENTER' in locate field to write mobile device, Brandon clicks on locate field to write model device, Brandon enters 'macro' into locate field to write model device, Brandon types 'DOWN' in locate field to write model device, Brandon types 'ENTER' in locate field to write model device, Brandon clicks on locate field to write mobile device os, Brandon enters '8' into locate field to write mobile device os, Brandon types 'DOWN' in locate field to write mobile device os, Brandon types 'ENTER' in locate field to write mobile device os, Brandon clicks on locate button to next stepFour, last step, Brandon enters 'TesTing-123++' into locate input to write password, Brandon enters 'TesTing-123++' into locate input to write confirm password, Brandon clicks on locate checkbox to accept receive info, Brandon clicks on locate checkbox to accept terms use, Brandon clicks on locate checkbox to accept privacy and security policy, Brandon clicks on locate button finish signup process]], Then brandon was successfully registered
| strQuestion |
| Welcome to the world's largest community of freelance software testers! | [Then answer successfully sign up]
[Test worker] WARN net.thucydides.core.steps.BaseStepListener - testFinished: Signup successfully:Given brandon wants to singup into a utest.com [Brandon open up [Brandon opens the Utest page]], When brandon clicks on button Join today, And brandon writes his credentials
| strFistName | strLastName | strEmail | strMonth | strDay | strYear | strCity | strZipCode | strCountry | strComputer | strVersion | strLanguagePc | strMobileDevice | strModel | strOS | strPassword | strLanguageUser |
| Nicolas | Caraballo | testing38@gmail.com | December | 28 | 1995 | Buenos Aires | B1675 | Argentina | macos | 10.7.5 | spanish | Motorola | macro | 8 | TesTing-123++ | Spanish | [Brandon register [Brandon clicks on button that send to registration page, Brandon enters 'Nicolas' into locate field to write fistname, Brandon enters 'Caraballo' into locate field to write lastname, Brandon enters 'testing38@gmail.com' into locate field to write email, Brandon select December on locate field to write date, Brandon select 28 on locate field to write date, Brandon select 1995 on locate field to write date, Brandon enters 'Spanish' into locate field to write language, Brandon types 'DOWN' in locate field to write language, Brandon types 'ENTER' in locate field to write language, Brandon clicks on locate button to next stepTwo Location, Brandon enters 'Buenos Aires' into locate field to write city address, Brandon types 'DOWN' in locate field to write city address, Brandon types 'ENTER' in locate field to write city address, Brandon enters 'B1675' into locate field to write zipcode, Brandon clicks on locate field to write country, Brandon enters 'Argentina' into locate field to write country, Brandon types 'DOWN' in locate field to write country, Brandon types 'ENTER' in locate field to write country, Brandon clicks on locate button to next stepTwo Devices, Brandon clicks on locate field to write computer s.o, Brandon enters 'macos' into locate field to write computer s.o, Brandon types 'DOWN' in locate field to write computer s.o, Brandon types 'ENTER' in locate field to write computer s.o, Brandon clicks on locate field to write computer s.o, Brandon enters '10.7.5' into locate field to write version s.o, Brandon types 'DOWN' in locate field to write version s.o, Brandon types 'ENTER' in locate field to write version s.o, Brandon clicks on locate field to write language PC, Brandon enters 'spanish' into locate field to write Language PC, Brandon types 'DOWN' in locate field to write Language PC, Brandon types 'ENTER' in locate field to write Language PC, Brandon clicks on locate field to write mobile device, Brandon enters 'Motorola' into locate field to write mobile device, Brandon types 'DOWN' in locate field to write mobile device, Brandon types 'ENTER' in locate field to write mobile device, Brandon clicks on locate field to write model device, Brandon enters 'macro' into locate field to write model device, Brandon types 'DOWN' in locate field to write model device, Brandon types 'ENTER' in locate field to write model device, Brandon clicks on locate field to write mobile device os, Brandon enters '8' into locate field to write mobile device os, Brandon types 'DOWN' in locate field to write mobile device os, Brandon types 'ENTER' in locate field to write mobile device os, Brandon clicks on locate button to next stepFour, last step, Brandon enters 'TesTing-123++' into locate input to write password, Brandon enters 'TesTing-123++' into locate input to write confirm password, Brandon clicks on locate checkbox to accept receive info, Brandon clicks on locate checkbox to accept terms use, Brandon clicks on locate checkbox to accept privacy and security policy, Brandon clicks on locate button finish signup process]], Then brandon was successfully registered
| strQuestion |
| Welcome to the world's largest community of freelance software testers! | [Then answer successfully sign up]
[Test worker] WARN net.thucydides.core.steps.BaseStepListener - TestOutcomes: [Singup fail by already exist email address:Given brandon wants to singup into a utest.com [Brandon open up [Brandon opens the Utest page]], When brandon clicks on button Join today, And brandon is writing his credentials on stepOne
| strFistName | strLastName | strEmail | strMonth | strDay | strYear | strCity | strZipCode | strCountry | strComputer | strVersion | strLanguagePc | strMobileDevice | strModel | strOS | strPassword | strLanguageUser |
| Nicolas | Caraballo | nikecarvaggio@gmail.com | December | 28 | 1995 | Buenos Aires | B1675 | Argentina | macos | 10.7.5 | spanish | Motorola | macro | 8 | TesTing-123++ | Spanish | [Brandon register failed [Brandon clicks on button that send to registration page, Brandon enters 'Nicolas' into locate field to write fistname, Brandon enters 'Caraballo' into locate field to write lastname, Brandon enters 'nikecarvaggio@gmail.com' into locate field to write email, Brandon select December on locate field to write date, Brandon select 28 on locate field to write date, Brandon select 1995 on locate field to write date, Brandon enters 'Spanish' into locate field to write language, Brandon types 'DOWN' in locate field to write language, Brandon types 'ENTER' in locate field to write language]], Then brandon wrote an exists email on utest.com
| strQuestion |
| Email already registered | [Then answer email already registered], Signup successfully:Given brandon wants to singup into a utest.com [Brandon open up [Brandon opens the Utest page]], When brandon clicks on button Join today, And brandon writes his credentials
| strFistName | strLastName | strEmail | strMonth | strDay | strYear | strCity | strZipCode | strCountry | strComputer | strVersion | strLanguagePc | strMobileDevice | strModel | strOS | strPassword | strLanguageUser |
| Nicolas | Caraballo | testing38@gmail.com | December | 28 | 1995 | Buenos Aires | B1675 | Argentina | macos | 10.7.5 | spanish | Motorola | macro | 8 | TesTing-123++ | Spanish | [Brandon register [Brandon clicks on button that send to registration page, Brandon enters 'Nicolas' into locate field to write fistname, Brandon enters 'Caraballo' into locate field to write lastname, Brandon enters 'testing38@gmail.com' into locate field to write email, Brandon select December on locate field to write date, Brandon select 28 on locate field to write date, Brandon select 1995 on locate field to write date, Brandon enters 'Spanish' into locate field to write language, Brandon types 'DOWN' in locate field to write language, Brandon types 'ENTER' in locate field to write language, Brandon clicks on locate button to next stepTwo Location, Brandon enters 'Buenos Aires' into locate field to write city address, Brandon types 'DOWN' in locate field to write city address, Brandon types 'ENTER' in locate field to write city address, Brandon enters 'B1675' into locate field to write zipcode, Brandon clicks on locate field to write country, Brandon enters 'Argentina' into locate field to write country, Brandon types 'DOWN' in locate field to write country, Brandon types 'ENTER' in locate field to write country, Brandon clicks on locate button to next stepTwo Devices, Brandon clicks on locate field to write computer s.o, Brandon enters 'macos' into locate field to write computer s.o, Brandon types 'DOWN' in locate field to write computer s.o, Brandon types 'ENTER' in locate field to write computer s.o, Brandon clicks on locate field to write computer s.o, Brandon enters '10.7.5' into locate field to write version s.o, Brandon types 'DOWN' in locate field to write version s.o, Brandon types 'ENTER' in locate field to write version s.o, Brandon clicks on locate field to write language PC, Brandon enters 'spanish' into locate field to write Language PC, Brandon types 'DOWN' in locate field to write Language PC, Brandon types 'ENTER' in locate field to write Language PC, Brandon clicks on locate field to write mobile device, Brandon enters 'Motorola' into locate field to write mobile device, Brandon types 'DOWN' in locate field to write mobile device, Brandon types 'ENTER' in locate field to write mobile device, Brandon clicks on locate field to write model device, Brandon enters 'macro' into locate field to write model device, Brandon types 'DOWN' in locate field to write model device, Brandon types 'ENTER' in locate field to write model device, Brandon clicks on locate field to write mobile device os, Brandon enters '8' into locate field to write mobile device os, Brandon types 'DOWN' in locate field to write mobile device os, Brandon types 'ENTER' in locate field to write mobile device os, Brandon clicks on locate button to next stepFour, last step, Brandon enters 'TesTing-123++' into locate input to write password, Brandon enters 'TesTing-123++' into locate input to write confirm password, Brandon clicks on locate checkbox to accept receive info, Brandon clicks on locate checkbox to accept terms use, Brandon clicks on locate checkbox to accept privacy and security policy, Brandon clicks on locate button finish signup process]], Then brandon was successfully registered
| strQuestion |
| Welcome to the world's largest community of freelance software testers! | [Then answer successfully sign up]]
[Test worker] WARN net.thucydides.core.steps.BaseStepListener - Final testOutcomes: [Singup fail by already exist email address:Given brandon wants to singup into a utest.com [Brandon open up [Brandon opens the Utest page]], When brandon clicks on button Join today, And brandon is writing his credentials on stepOne
| strFistName | strLastName | strEmail | strMonth | strDay | strYear | strCity | strZipCode | strCountry | strComputer | strVersion | strLanguagePc | strMobileDevice | strModel | strOS | strPassword | strLanguageUser |
| Nicolas | Caraballo | nikecarvaggio@gmail.com | December | 28 | 1995 | Buenos Aires | B1675 | Argentina | macos | 10.7.5 | spanish | Motorola | macro | 8 | TesTing-123++ | Spanish | [Brandon register failed [Brandon clicks on button that send to registration page, Brandon enters 'Nicolas' into locate field to write fistname, Brandon enters 'Caraballo' into locate field to write lastname, Brandon enters 'nikecarvaggio@gmail.com' into locate field to write email, Brandon select December on locate field to write date, Brandon select 28 on locate field to write date, Brandon select 1995 on locate field to write date, Brandon enters 'Spanish' into locate field to write language, Brandon types 'DOWN' in locate field to write language, Brandon types 'ENTER' in locate field to write language]], Then brandon wrote an exists email on utest.com
| strQuestion |
| Email already registered | [Then answer email already registered], Signup successfully:Given brandon wants to singup into a utest.com [Brandon open up [Brandon opens the Utest page]], When brandon clicks on button Join today, And brandon writes his credentials
| strFistName | strLastName | strEmail | strMonth | strDay | strYear | strCity | strZipCode | strCountry | strComputer | strVersion | strLanguagePc | strMobileDevice | strModel | strOS | strPassword | strLanguageUser |
| Nicolas | Caraballo | testing38@gmail.com | December | 28 | 1995 | Buenos Aires | B1675 | Argentina | macos | 10.7.5 | spanish | Motorola | macro | 8 | TesTing-123++ | Spanish | [Brandon register [Brandon clicks on button that send to registration page, Brandon enters 'Nicolas' into locate field to write fistname, Brandon enters 'Caraballo' into locate field to write lastname, Brandon enters 'testing38@gmail.com' into locate field to write email, Brandon select December on locate field to write date, Brandon select 28 on locate field to write date, Brandon select 1995 on locate field to write date, Brandon enters 'Spanish' into locate field to write language, Brandon types 'DOWN' in locate field to write language, Brandon types 'ENTER' in locate field to write language, Brandon clicks on locate button to next stepTwo Location, Brandon enters 'Buenos Aires' into locate field to write city address, Brandon types 'DOWN' in locate field to write city address, Brandon types 'ENTER' in locate field to write city address, Brandon enters 'B1675' into locate field to write zipcode, Brandon clicks on locate field to write country, Brandon enters 'Argentina' into locate field to write country, Brandon types 'DOWN' in locate field to write country, Brandon types 'ENTER' in locate field to write country, Brandon clicks on locate button to next stepTwo Devices, Brandon clicks on locate field to write computer s.o, Brandon enters 'macos' into locate field to write computer s.o, Brandon types 'DOWN' in locate field to write computer s.o, Brandon types 'ENTER' in locate field to write computer s.o, Brandon clicks on locate field to write computer s.o, Brandon enters '10.7.5' into locate field to write version s.o, Brandon types 'DOWN' in locate field to write version s.o, Brandon types 'ENTER' in locate field to write version s.o, Brandon clicks on locate field to write language PC, Brandon enters 'spanish' into locate field to write Language PC, Brandon types 'DOWN' in locate field to write Language PC, Brandon types 'ENTER' in locate field to write Language PC, Brandon clicks on locate field to write mobile device, Brandon enters 'Motorola' into locate field to write mobile device, Brandon types 'DOWN' in locate field to write mobile device, Brandon types 'ENTER' in locate field to write mobile device, Brandon clicks on locate field to write model device, Brandon enters 'macro' into locate field to write model device, Brandon types 'DOWN' in locate field to write model device, Brandon types 'ENTER' in locate field to write model device, Brandon clicks on locate field to write mobile device os, Brandon enters '8' into locate field to write mobile device os, Brandon types 'DOWN' in locate field to write mobile device os, Brandon types 'ENTER' in locate field to write mobile device os, Brandon clicks on locate button to next stepFour, last step, Brandon enters 'TesTing-123++' into locate input to write password, Brandon enters 'TesTing-123++' into locate input to write confirm password, Brandon clicks on locate checkbox to accept receive info, Brandon clicks on locate checkbox to accept terms use, Brandon clicks on locate checkbox to accept privacy and security policy, Brandon clicks on locate button finish signup process]], Then brandon was successfully registered
| strQuestion |
| Welcome to the world's largest community of freelance software testers! | [Then answer successfully sign up]]
[Test worker] INFO net.thucydides.core.steps.ConsoleLoggingListener - 
        __    _____ _____ ____ _____   ____   _    ____  ____  _____ ____  
  _     \ \  |_   _| ____/ ___|_   _| |  _ \ / \  / ___|/ ___|| ____|  _ \ 
 (_)_____| |   | | |  _| \___ \ | |   | |_) / _ \ \___ \\___ \|  _| | | | |
  _|_____| |   | | | |___ ___) || |   |  __/ ___ \ ___) |___) | |___| |_| |
 (_)     | |   |_| |_____|____/ |_|   |_| /_/   \_\____/|____/|_____|____/ 
        /_/                                                                

TEST PASSED: Signup successfully
----------------------------------------------------------------------------
]]></system-err>
</testsuite>
